[debug] [2025-04-24T06:32:15.799Z] ----------------------------------------------------------------------
[debug] [2025-04-24T06:32:15.800Z] Command:       C:\Program Files\nodejs\node.exe C:\Users\User\Fire\GitHubActionPractice\node_modules\firebase-tools\lib\bin\firebase.js init hosting
[debug] [2025-04-24T06:32:15.801Z] CLI Version:   14.2.1
[debug] [2025-04-24T06:32:15.801Z] Platform:      win32
[debug] [2025-04-24T06:32:15.801Z] Node Version:  v22.14.0
[debug] [2025-04-24T06:32:15.801Z] Time:          Thu Apr 24 2025 13:32:15 GMT+0700 (Indochina Time)
[debug] [2025-04-24T06:32:15.801Z] ----------------------------------------------------------------------
[debug] 
[debug] [2025-04-24T06:32:15.921Z] > command requires scopes: ["email","openid","https://www.googleapis.com/auth/cloudplatformprojects.readonly","https://www.googleapis.com/auth/firebase","https://www.googleapis.com/auth/cloud-platform"]
[debug] [2025-04-24T06:32:15.922Z] > authorizing via signed-in user (kunpoonkasadwadthana@gmail.com)
[info] 
     ######## #### ########  ######## ########     ###     ######  ########
     ##        ##  ##     ## ##       ##     ##  ##   ##  ##       ##
     ######    ##  ########  ######   ########  #########  ######  ######
     ##        ##  ##    ##  ##       ##     ## ##     ##       ## ##
     ##       #### ##     ## ######## ########  ##     ##  ######  ########

You're about to initialize a Firebase project in this directory:

  C:\Users\User\Fire\GitHubActionPractice

Before we get started, keep in mind:

  * You are initializing within an existing Firebase project directory

[info] 
=== Project Setup
[info] 
[info] First, let's associate this project directory with a Firebase project.
[info] You can create multiple project aliases by running firebase use --add, 
[info] but for now we'll just set up a default project.
[info] 
[debug] [2025-04-24T06:32:19.880Z] Using project from CLI flag: fireship-lessons
[debug] [2025-04-24T06:32:19.882Z] Checked if tokens are valid: true, expires at: 1745479932555
[debug] [2025-04-24T06:32:19.882Z] Checked if tokens are valid: true, expires at: 1745479932555
[debug] [2025-04-24T06:32:19.883Z] >>> [apiv2][query] GET https://firebase.googleapis.com/v1beta1/projects/fireship-lessons [none]
[debug] [2025-04-24T06:32:21.810Z] <<< [apiv2][status] GET https://firebase.googleapis.com/v1beta1/projects/fireship-lessons 403
[debug] [2025-04-24T06:32:21.811Z] <<< [apiv2][body] GET https://firebase.googleapis.com/v1beta1/projects/fireship-lessons {"error":{"code":403,"message":"The caller does not have permission","status":"PERMISSION_DENIED"}}
[debug] [2025-04-24T06:32:21.811Z] Request to https://firebase.googleapis.com/v1beta1/projects/fireship-lessons had HTTP Error: 403, The caller does not have permission
[debug] [2025-04-24T06:32:22.033Z] FirebaseError: Request to https://firebase.googleapis.com/v1beta1/projects/fireship-lessons had HTTP Error: 403, The caller does not have permission
    at responseToError (C:\Users\User\Fire\GitHubActionPractice\node_modules\firebase-tools\lib\responseToError.js:52:12)
    at RetryOperation._fn (C:\Users\User\Fire\GitHubActionPractice\node_modules\firebase-tools\lib\apiv2.js:312:77)
    at process.processTicksAndRejections (node:internal/process/task_queues:105:5)
[error] 
[error] Error: Failed to get Firebase project fireship-lessons. Please make sure the project exists and your account has permission to access it.
[debug] [2025-04-24T06:32:24.260Z] ----------------------------------------------------------------------
[debug] [2025-04-24T06:32:24.262Z] Command:       C:\Program Files\nodejs\node.exe C:\Users\User\Fire\GitHubActionPractice\node_modules\firebase-tools\lib\bin\firebase.js init emulators
[debug] [2025-04-24T06:32:24.263Z] CLI Version:   14.2.1
[debug] [2025-04-24T06:32:24.263Z] Platform:      win32
[debug] [2025-04-24T06:32:24.263Z] Node Version:  v22.14.0
[debug] [2025-04-24T06:32:24.263Z] Time:          Thu Apr 24 2025 13:32:24 GMT+0700 (Indochina Time)
[debug] [2025-04-24T06:32:24.263Z] ----------------------------------------------------------------------
[debug] 
[debug] [2025-04-24T06:32:24.381Z] > command requires scopes: ["email","openid","https://www.googleapis.com/auth/cloudplatformprojects.readonly","https://www.googleapis.com/auth/firebase","https://www.googleapis.com/auth/cloud-platform"]
[debug] [2025-04-24T06:32:24.382Z] > authorizing via signed-in user (kunpoonkasadwadthana@gmail.com)
[info] 
     ######## #### ########  ######## ########     ###     ######  ########
     ##        ##  ##     ## ##       ##     ##  ##   ##  ##       ##
     ######    ##  ########  ######   ########  #########  ######  ######
     ##        ##  ##    ##  ##       ##     ## ##     ##       ## ##
     ##       #### ##     ## ######## ########  ##     ##  ######  ########

You're about to initialize a Firebase project in this directory:

  C:\Users\User\Fire\GitHubActionPractice

Before we get started, keep in mind:

  * You are initializing within an existing Firebase project directory

[info] 
=== Project Setup
[info] 
[info] First, let's associate this project directory with a Firebase project.
[info] You can create multiple project aliases by running firebase use --add, 
[info] but for now we'll just set up a default project.
[info] 
[debug] [2025-04-24T06:32:33.677Z] Using project from CLI flag: fireship-lessons
[debug] [2025-04-24T06:32:33.679Z] Checked if tokens are valid: true, expires at: 1745479932555
[debug] [2025-04-24T06:32:33.679Z] Checked if tokens are valid: true, expires at: 1745479932555
[debug] [2025-04-24T06:32:33.680Z] >>> [apiv2][query] GET https://firebase.googleapis.com/v1beta1/projects/fireship-lessons [none]
[debug] [2025-04-24T06:32:34.303Z] <<< [apiv2][status] GET https://firebase.googleapis.com/v1beta1/projects/fireship-lessons 403
[debug] [2025-04-24T06:32:34.303Z] <<< [apiv2][body] GET https://firebase.googleapis.com/v1beta1/projects/fireship-lessons {"error":{"code":403,"message":"The caller does not have permission","status":"PERMISSION_DENIED"}}
[debug] [2025-04-24T06:32:34.303Z] Request to https://firebase.googleapis.com/v1beta1/projects/fireship-lessons had HTTP Error: 403, The caller does not have permission
[debug] [2025-04-24T06:32:34.527Z] FirebaseError: Request to https://firebase.googleapis.com/v1beta1/projects/fireship-lessons had HTTP Error: 403, The caller does not have permission
    at responseToError (C:\Users\User\Fire\GitHubActionPractice\node_modules\firebase-tools\lib\responseToError.js:52:12)
    at RetryOperation._fn (C:\Users\User\Fire\GitHubActionPractice\node_modules\firebase-tools\lib\apiv2.js:312:77)
    at process.processTicksAndRejections (node:internal/process/task_queues:105:5)
[error] 
[error] Error: Failed to get Firebase project fireship-lessons. Please make sure the project exists and your account has permission to access it.
[debug] [2025-04-24T06:32:59.913Z] ----------------------------------------------------------------------
[debug] [2025-04-24T06:32:59.915Z] Command:       C:\Program Files\nodejs\node.exe C:\Users\User\Fire\GitHubActionPractice\node_modules\firebase-tools\lib\bin\firebase.js emulators:start
[debug] [2025-04-24T06:32:59.916Z] CLI Version:   14.2.1
[debug] [2025-04-24T06:32:59.916Z] Platform:      win32
[debug] [2025-04-24T06:32:59.916Z] Node Version:  v22.14.0
[debug] [2025-04-24T06:32:59.916Z] Time:          Thu Apr 24 2025 13:32:59 GMT+0700 (Indochina Time)
[debug] [2025-04-24T06:32:59.916Z] ----------------------------------------------------------------------
[debug] 
[debug] [2025-04-24T06:33:00.077Z] > command requires scopes: ["email","openid","https://www.googleapis.com/auth/cloudplatformprojects.readonly","https://www.googleapis.com/auth/firebase","https://www.googleapis.com/auth/cloud-platform"]
[debug] [2025-04-24T06:33:00.078Z] > authorizing via signed-in user (kunpoonkasadwadthana@gmail.com)
[info] i  emulators: Starting emulators: hosting {"metadata":{"emulator":{"name":"hub"},"message":"Starting emulators: hosting"}}
[debug] [2025-04-24T06:33:00.085Z] [logging] Logging Emulator only supports listening on one address (127.0.0.1). Not listening on ::1
[debug] [2025-04-24T06:33:00.085Z] [hosting] Hosting Emulator only supports listening on one address (127.0.0.1). Not listening on ::1
[debug] [2025-04-24T06:33:00.085Z] assigned listening specs for emulators {"user":{"hub":[{"address":"127.0.0.1","family":"IPv4","port":4400},{"address":"::1","family":"IPv6","port":4400}],"logging":[{"address":"127.0.0.1","family":"IPv4","port":4500}],"hosting":[{"address":"127.0.0.1","family":"IPv4","port":5000}]},"metadata":{"message":"assigned listening specs for emulators"}}
[debug] [2025-04-24T06:33:00.092Z] [hub] writing locator at C:\Users\User\AppData\Local\Temp\hub-fireship-lessons.json
[debug] [2025-04-24T06:33:00.103Z] Checked if tokens are valid: true, expires at: 1745479932555
[debug] [2025-04-24T06:33:00.104Z] Checked if tokens are valid: true, expires at: 1745479932555
[debug] [2025-04-24T06:33:00.104Z] >>> [apiv2][query] GET https://firebasehosting.googleapis.com/v1beta1/projects/fireship-lessons/sites 
[debug] [2025-04-24T06:33:01.232Z] <<< [apiv2][status] GET https://firebasehosting.googleapis.com/v1beta1/projects/fireship-lessons/sites 403
[debug] [2025-04-24T06:33:01.233Z] <<< [apiv2][body] GET https://firebasehosting.googleapis.com/v1beta1/projects/fireship-lessons/sites {"error":{"code":403,"message":"Permission 'firebasehosting.sites.get' denied on resource 'projects/fireship-lessons' (or it may not exist)","status":"PERMISSION_DENIED"}}
[debug] [2025-04-24T06:33:01.234Z] Failed to list hosting sites
[debug] Request to https://firebasehosting.googleapis.com/v1beta1/projects/fireship-lessons/sites had HTTP Error: 403, Permission 'firebasehosting.sites.get' denied on resource 'projects/fireship-lessons' (or it may not exist)
[debug] [2025-04-24T06:33:01.235Z] Checked if tokens are valid: true, expires at: 1745479932555
[debug] [2025-04-24T06:33:01.235Z] Checked if tokens are valid: true, expires at: 1745479932555
[debug] [2025-04-24T06:33:01.235Z] >>> [apiv2][query] GET https://firebase.googleapis.com/v1beta1/projects/fireship-lessons/webApps/-/config [none]
[debug] [2025-04-24T06:33:01.835Z] <<< [apiv2][status] GET https://firebase.googleapis.com/v1beta1/projects/fireship-lessons/webApps/-/config 403
[debug] [2025-04-24T06:33:01.835Z] <<< [apiv2][body] GET https://firebase.googleapis.com/v1beta1/projects/fireship-lessons/webApps/-/config {"error":{"code":403,"message":"The caller does not have permission","status":"PERMISSION_DENIED"}}
[debug] [2025-04-24T06:33:01.835Z] fetchWebSetup error: FirebaseError: Request to https://firebase.googleapis.com/v1beta1/projects/fireship-lessons/webApps/-/config had HTTP Error: 403, The caller does not have permission
[warn] !  hosting: Authentication error when trying to fetch your current web app configuration, have you run firebase login? 
[warn] !  hosting: Could not fetch web app configuration and there is no cached configuration on this machine. Check your internet connection and make sure you are authenticated. To continue, you must call firebase.initializeApp({...}) in your code before using Firebase. 
[debug] [2025-04-24T06:33:01.847Z] Checked if tokens are valid: true, expires at: 1745479932555
[debug] [2025-04-24T06:33:01.847Z] Checked if tokens are valid: true, expires at: 1745479932555
[debug] [2025-04-24T06:33:01.848Z] >>> [apiv2][query] GET https://firebase.googleapis.com/v1beta1/projects/fireship-lessons [none]
[debug] [2025-04-24T06:33:02.281Z] <<< [apiv2][status] GET https://firebase.googleapis.com/v1beta1/projects/fireship-lessons 403
[debug] [2025-04-24T06:33:02.282Z] <<< [apiv2][body] GET https://firebase.googleapis.com/v1beta1/projects/fireship-lessons {"error":{"code":403,"message":"The caller does not have permission","status":"PERMISSION_DENIED"}}
[debug] [2025-04-24T06:33:02.283Z] Request to https://firebase.googleapis.com/v1beta1/projects/fireship-lessons had HTTP Error: 403, The caller does not have permission
[info] i  hosting[fireship-lessons]: Serving hosting files from: public {"metadata":{"emulator":{"name":"hosting"},"message":"Serving hosting files from: \u001b[1mpublic\u001b[22m"}}
[info] +  hosting[fireship-lessons]: Local server: http://127.0.0.1:5000 {"metadata":{"emulator":{"name":"hosting"},"message":"Local server: \u001b[4m\u001b[1mhttp://127.0.0.1:5000\u001b[22m\u001b[24m"}}
[warn] !  emulators: The Emulator UI is not starting, either because none of the running emulators have a UI component or the Emulator UI cannot determine the Project ID. Pass the --project flag to specify a project. {"metadata":{"emulator":{"name":"hub"},"message":"The Emulator UI is not starting, either because none of the running emulators have a UI component or the Emulator UI cannot determine the Project ID. Pass the --project flag to specify a project."}}
[debug] [2025-04-24T06:33:02.326Z] Could not find VSCode notification endpoint: FetchError: request to http://localhost:40001/vscode/notify failed, reason: . If you are not running the Firebase Data Connect VSCode extension, this is expected and not an issue.
[info] 
┌─────────────────────────────────────────────────────────────┐
│ ✔  All emulators ready! It is now safe to connect your app. │
└─────────────────────────────────────────────────────────────┘

┌──────────┬────────────────┐
│ Emulator │ Host:Port      │
├──────────┼────────────────┤
│ Hosting  │ 127.0.0.1:5000 │
└──────────┴────────────────┘
  Emulator Hub host: 127.0.0.1 port: 4400
  Other reserved ports: 4500

Issues? Report them at https://github.com/firebase/firebase-tools/issues and attach the *-debug.log files.
 
